time="2025-06-24T14:40:19+03:00" level=info msg="Initializing Facebook scraper..."
time="2025-06-24T14:40:19+03:00" level=info msg="Loading cookies from file..."
time="2025-06-24T14:40:19+03:00" level=info msg="Loaded 5 cookies for Facebook"
time="2025-06-24T14:40:19+03:00" level=info msg="Validating Facebook authentication..."
time="2025-06-24T14:40:20+03:00" level=fatal msg="Failed to initialize scraper: authentication validation failed: authentication failed: status code 400"
time="2025-06-24T14:54:10+03:00" level=info msg="Initializing Facebook scraper..."
time="2025-06-24T14:54:10+03:00" level=info msg="Loading cookies from file..."
time="2025-06-24T14:54:10+03:00" level=info msg="Loaded 5 cookies for Facebook"
time="2025-06-24T14:54:10+03:00" level=info msg="Validating Facebook authentication..."
time="2025-06-24T14:54:10+03:00" level=info msg="Validation response: Status=400, URL=https://www.facebook.com/?_rdr"
time="2025-06-24T14:54:10+03:00" level=error msg="Failed to initialize scraper: authentication validation failed: authentication failed: bad request (400) - cookies may be expired or invalid"
time="2025-06-24T14:54:10+03:00" level=error msg="Authentication failed. Please update your cookies:"
time="2025-06-24T14:54:10+03:00" level=error msg="1. Run: ./bin/facebook-scraper -extract-cookies"
time="2025-06-24T14:54:10+03:00" level=error msg="2. Follow the instructions to extract fresh cookies"
time="2025-06-24T14:54:10+03:00" level=error msg="3. Update configs/cookies.json with the new values"
time="2025-06-24T14:54:10+03:00" level=error msg="4. Run the scraper again"
time="2025-06-24T14:54:40+03:00" level=info msg="Initializing Facebook scraper..."
time="2025-06-24T14:54:40+03:00" level=info msg="Loading cookies from file..."
time="2025-06-24T14:54:40+03:00" level=info msg="Loaded 5 cookies for Facebook"
time="2025-06-24T14:54:40+03:00" level=info msg="Validating Facebook authentication..."
time="2025-06-24T14:54:40+03:00" level=info msg="Validation response: Status=400, URL=https://www.facebook.com/?_rdr"
time="2025-06-24T14:54:40+03:00" level=error msg="Failed to initialize scraper: authentication validation failed: authentication failed: bad request (400) - cookies may be expired or invalid"
time="2025-06-24T14:54:40+03:00" level=error msg="Authentication failed. Please update your cookies:"
time="2025-06-24T14:54:40+03:00" level=error msg="1. Run: ./bin/facebook-scraper -extract-cookies"
time="2025-06-24T14:54:40+03:00" level=error msg="2. Follow the instructions to extract fresh cookies"
time="2025-06-24T14:54:40+03:00" level=error msg="3. Update configs/cookies.json with the new values"
time="2025-06-24T14:54:40+03:00" level=error msg="4. Run the scraper again"
time="2025-06-24T14:58:59+03:00" level=info msg="Initializing Facebook scraper..."
time="2025-06-24T14:58:59+03:00" level=info msg="Loading cookies from file..."
time="2025-06-24T14:58:59+03:00" level=info msg="Loaded 5 cookies for Facebook"
time="2025-06-24T14:58:59+03:00" level=info msg="Validating Facebook authentication..."
time="2025-06-24T14:59:00+03:00" level=info msg="Validation response: Status=400, URL=https://www.facebook.com/?_rdr"
time="2025-06-24T14:59:00+03:00" level=error msg="Failed to initialize scraper: authentication validation failed: authentication failed: bad request (400) - cookies may be expired or invalid"
time="2025-06-24T14:59:00+03:00" level=error msg="Authentication failed. Please update your cookies:"
time="2025-06-24T14:59:00+03:00" level=error msg="1. Run: ./bin/facebook-scraper -extract-cookies"
time="2025-06-24T14:59:00+03:00" level=error msg="2. Follow the instructions to extract fresh cookies"
time="2025-06-24T14:59:00+03:00" level=error msg="3. Update configs/cookies.json with the new values"
time="2025-06-24T14:59:00+03:00" level=error msg="4. Run the scraper again"
time="2025-06-24T15:18:12+03:00" level=info msg="Initializing Facebook scraper..."
time="2025-06-24T15:18:12+03:00" level=info msg="Loading cookies from file..."
time="2025-06-24T15:18:12+03:00" level=info msg="Loaded 10 cookies for Facebook"
time="2025-06-24T15:18:12+03:00" level=info msg="Validating Facebook authentication..."
time="2025-06-24T15:18:13+03:00" level=info msg="Validation response: Status=200, URL=https://www.facebook.com/notifications"
time="2025-06-24T15:18:14+03:00" level=info msg="Authentication validated successfully"
time="2025-06-24T15:18:14+03:00" level=info msg="Facebook scraper initialized successfully"
time="2025-06-24T15:18:14+03:00" level=info msg="Scraper started successfully"
time="2025-06-24T15:18:14+03:00" level=info msg="Scraping group: 517932335951479"
time="2025-06-24T15:18:14+03:00" level=info msg="Starting to scrape group: 517932335951479"
time="2025-06-24T15:18:27+03:00" level=info msg="Successfully scraped group: 517932335951479"
time="2025-06-24T15:18:33+03:00" level=info msg="Scraping group: 768871325367226"
time="2025-06-24T15:18:33+03:00" level=info msg="Starting to scrape group: 768871325367226"
time="2025-06-24T15:18:41+03:00" level=info msg="Successfully scraped group: 768871325367226"
time="2025-06-24T15:18:47+03:00" level=info msg="Scraping completed"
time="2025-06-24T15:18:47+03:00" level=info msg="Saving current cookies..."
time="2025-06-24T15:18:48+03:00" level=info msg="Saved 10 cookies to file"
time="2025-06-24T14:38:40Z" level=info msg="Connecting to database: host=postgres port=5432 dbname=facebook_scraper user=scraper_user"
time="2025-06-24T14:38:41Z" level=fatal msg="Failed to connect to database: failed to ping database: pq: password authentication failed for user \"scraper_user\""
time="2025-06-24T15:01:31Z" level=info msg="Connecting to database: host=postgres port=5432 dbname=facebook_scraper user=scraper_user"
time="2025-06-24T15:01:35Z" level=fatal msg="Failed to connect to database: failed to ping database: pq: password authentication failed for user \"scraper_user\""
time="2025-06-24T15:36:00Z" level=info msg="Connecting to database: host=postgres port=5432 dbname=facebook_scraper user=scraper_user"
time="2025-06-24T15:36:00Z" level=fatal msg="Failed to connect to database: failed to ping database: pq: password authentication failed for user \"scraper_user\""
time="2025-06-24T15:42:43Z" level=info msg="Connecting to database: host=postgres port=5432 dbname=facebook_scraper user=scraper_user"
time="2025-06-24T15:42:43Z" level=fatal msg="Failed to connect to database: failed to ping database: pq: password authentication failed for user \"scraper_user\""
time="2025-06-24T15:44:40Z" level=info msg="Connecting to database: host=postgres port=5432 dbname=facebook_scraper user=scraper_user"
time="2025-06-24T15:44:40Z" level=fatal msg="Failed to connect to database: failed to ping database: pq: password authentication failed for user \"scraper_user\""
time="2025-06-24T15:57:07Z" level=info msg="Connecting to database: host=postgres port=5432 dbname=scraper_db user=scraper_user"
time="2025-06-24T15:57:07Z" level=fatal msg="Failed to connect to database: failed to ping database: pq: database \"scraper_db\" does not exist"
time="2025-06-24T16:15:17Z" level=info msg="Connecting to database: host=postgres port=5432 dbname=facebook_scraper user=scraper_user"
time="2025-06-24T16:15:17Z" level=info msg="Database connection established"
time="2025-06-24T16:15:17Z" level=info msg="Running database migrations..."
time="2025-06-24T16:15:17Z" level=info msg="Migrations completed successfully"
time="2025-06-24T16:15:17Z" level=info msg="Initializing Facebook scraper..."
time="2025-06-24T16:15:17Z" level=info msg="Loading cookies from file..."
time="2025-06-24T16:15:17Z" level=info msg="Loaded 10 cookies for Facebook"
time="2025-06-24T16:15:17Z" level=info msg="Validating Facebook authentication..."
time="2025-06-24T16:15:24Z" level=info msg="Validation response: Status=200, URL=https://www.facebook.com/notifications"
time="2025-06-24T16:15:26Z" level=info msg="Authentication validated successfully"
time="2025-06-24T16:15:26Z" level=info msg="Facebook scraper initialized successfully"
time="2025-06-24T16:15:26Z" level=info msg="Scraper started successfully - filtering for posts with 1000+ likes in past 5 days"
time="2025-06-24T16:15:26Z" level=info msg="Scraping group: KENYA DESIGNERS & BUILDERS (517932335951479)"
time="2025-06-24T16:15:26Z" level=info msg="Starting to scrape group: 517932335951479"
time="2025-06-24T16:15:28Z" level=warning msg="Failed to get group name for 517932335951479: group name not found"
time="2025-06-24T16:15:28Z" level=info msg="Scraping URL: https://m.facebook.com/groups/517932335951479"
time="2025-06-24T16:15:30Z" level=info msg="Extracted 0 raw posts from group Group_517932335951479"
time="2025-06-24T16:15:36Z" level=info msg="Scraping URL: https://m.facebook.com/groups/517932335951479/posts"
time="2025-06-24T16:15:38Z" level=info msg="Extracted 0 raw posts from group Group_517932335951479"
time="2025-06-24T16:15:44Z" level=info msg="Scraping URL: https://www.facebook.com/groups/517932335951479"
time="2025-06-24T16:15:47Z" level=info msg="Extracted 0 raw posts from group Group_517932335951479"
time="2025-06-24T16:15:53Z" level=info msg="Found 0 total posts, applying filters..."
time="2025-06-24T16:15:53Z" level=info msg="Filter results: Total: 0, Filtered: 0, Likes: 0, Time: 0, Keywords: 0"
time="2025-06-24T16:15:53Z" level=info msg="Successfully saved 0 posts from group Group_517932335951479"
time="2025-06-24T16:15:53Z" level=info msg="Successfully scraped group: KENYA DESIGNERS & BUILDERS"
time="2025-06-24T16:15:59Z" level=info msg="Scraping group: LAUGH UNTIL THE TEAR RUN DOWN YOUR LEGS (768871325367226)"
time="2025-06-24T16:15:59Z" level=info msg="Starting to scrape group: 768871325367226"
time="2025-06-24T16:16:01Z" level=warning msg="Failed to get group name for 768871325367226: group name not found"
time="2025-06-24T16:16:01Z" level=info msg="Scraping URL: https://m.facebook.com/groups/768871325367226"
time="2025-06-24T16:16:04Z" level=info msg="Extracted 0 raw posts from group Group_768871325367226"
time="2025-06-24T16:16:10Z" level=info msg="Scraping URL: https://m.facebook.com/groups/768871325367226/posts"
time="2025-06-24T16:16:12Z" level=info msg="Extracted 0 raw posts from group Group_768871325367226"
time="2025-06-24T16:16:18Z" level=info msg="Scraping URL: https://www.facebook.com/groups/768871325367226"
time="2025-06-24T16:16:19Z" level=info msg="Extracted 0 raw posts from group Group_768871325367226"
time="2025-06-24T16:16:25Z" level=info msg="Found 0 total posts, applying filters..."
time="2025-06-24T16:16:25Z" level=info msg="Filter results: Total: 0, Filtered: 0, Likes: 0, Time: 0, Keywords: 0"
time="2025-06-24T16:16:25Z" level=info msg="Successfully saved 0 posts from group Group_768871325367226"
time="2025-06-24T16:16:25Z" level=info msg="Successfully scraped group: LAUGH UNTIL THE TEAR RUN DOWN YOUR LEGS"
time="2025-06-24T16:16:31Z" level=info msg="Scraping completed! Total posts meeting criteria (1000+ likes, past 5 days): 0"
time="2025-06-24T16:16:31Z" level=info msg="Data saved to PostgreSQL database. Use PgAdmin or connect directly to view results."
time="2025-06-24T16:16:31Z" level=info msg="Saving current cookies..."
time="2025-06-24T16:16:31Z" level=warning msg="Failed to save cookies: failed to write cookies file: open configs/cookies.json: read-only file system"
time="2025-06-24T19:23:52+03:00" level=info msg="Connecting to database: host=postgres port=5432 dbname=facebook_scraper user=scraper_user"
time="2025-06-24T19:23:52+03:00" level=fatal msg="Failed to connect to database: failed to ping database: dial tcp: lookup postgres on 127.0.0.53:53: server misbehaving"
time="2025-06-24T19:24:37+03:00" level=info msg="Connecting to database: host=localhost port=5433 dbname=facebook_scraper user=scraper_user"
time="2025-06-24T19:24:37+03:00" level=info msg="Database connection established"
time="2025-06-24T19:24:37+03:00" level=info msg="Running database migrations..."
time="2025-06-24T19:24:37+03:00" level=info msg="Running migration: internal/database/migrations/001_create_posts_table.sql"
time="2025-06-24T19:24:37+03:00" level=info msg="Migrations completed successfully"
time="2025-06-24T19:24:37+03:00" level=info msg="Initializing Facebook scraper..."
time="2025-06-24T19:24:37+03:00" level=info msg="Loading cookies from file..."
time="2025-06-24T19:24:37+03:00" level=info msg="Loaded 10 cookies for Facebook"
time="2025-06-24T19:24:37+03:00" level=info msg="Validating Facebook authentication..."
time="2025-06-24T19:24:38+03:00" level=info msg="Validation response: Status=200, URL=https://www.facebook.com/notifications"
time="2025-06-24T19:24:39+03:00" level=info msg="Authentication validated successfully"
time="2025-06-24T19:24:39+03:00" level=info msg="Facebook scraper initialized successfully"
time="2025-06-24T19:24:39+03:00" level=info msg="Scraper started successfully - filtering for posts with 1000+ likes in past 5 days"
time="2025-06-24T19:24:39+03:00" level=info msg="Scraping group: KENYA DESIGNERS & BUILDERS (517932335951479)"
time="2025-06-24T19:24:39+03:00" level=info msg="Starting to scrape group: 517932335951479"
time="2025-06-24T19:24:41+03:00" level=warning msg="Failed to get group name for 517932335951479: group name not found"
time="2025-06-24T19:24:41+03:00" level=info msg="Scraping URL: https://m.facebook.com/groups/517932335951479"
time="2025-06-24T19:24:43+03:00" level=info msg="Extracted 0 raw posts from group Group_517932335951479"
time="2025-06-24T19:24:49+03:00" level=info msg="Scraping URL: https://m.facebook.com/groups/517932335951479/posts"
time="2025-06-24T19:24:51+03:00" level=info msg="Extracted 0 raw posts from group Group_517932335951479"
time="2025-06-24T19:24:57+03:00" level=info msg="Scraping URL: https://www.facebook.com/groups/517932335951479"
time="2025-06-24T19:25:00+03:00" level=info msg="Extracted 0 raw posts from group Group_517932335951479"
time="2025-06-24T19:25:06+03:00" level=info msg="Found 0 total posts, applying filters..."
time="2025-06-24T19:25:06+03:00" level=info msg="Filter results: Total: 0, Filtered: 0, Likes: 0, Time: 0, Keywords: 0"
time="2025-06-24T19:25:06+03:00" level=info msg="Successfully saved 0 posts from group Group_517932335951479"
time="2025-06-24T19:25:06+03:00" level=info msg="Successfully scraped group: KENYA DESIGNERS & BUILDERS"
time="2025-06-24T19:25:12+03:00" level=info msg="Scraping group: LAUGH UNTIL THE TEAR RUN DOWN YOUR LEGS (768871325367226)"
time="2025-06-24T19:25:12+03:00" level=info msg="Starting to scrape group: 768871325367226"
time="2025-06-24T19:25:14+03:00" level=warning msg="Failed to get group name for 768871325367226: group name not found"
time="2025-06-24T19:25:14+03:00" level=info msg="Scraping URL: https://m.facebook.com/groups/768871325367226"
time="2025-06-24T19:25:16+03:00" level=info msg="Extracted 0 raw posts from group Group_768871325367226"
time="2025-06-24T19:25:23+03:00" level=info msg="Scraping URL: https://m.facebook.com/groups/768871325367226/posts"
time="2025-06-24T19:25:24+03:00" level=info msg="Extracted 0 raw posts from group Group_768871325367226"
time="2025-06-24T19:25:30+03:00" level=info msg="Scraping URL: https://www.facebook.com/groups/768871325367226"
time="2025-06-24T19:25:33+03:00" level=info msg="Extracted 0 raw posts from group Group_768871325367226"
time="2025-06-24T19:25:39+03:00" level=info msg="Found 0 total posts, applying filters..."
time="2025-06-24T19:25:39+03:00" level=info msg="Filter results: Total: 0, Filtered: 0, Likes: 0, Time: 0, Keywords: 0"
time="2025-06-24T19:25:39+03:00" level=info msg="Successfully saved 0 posts from group Group_768871325367226"
time="2025-06-24T19:25:39+03:00" level=info msg="Successfully scraped group: LAUGH UNTIL THE TEAR RUN DOWN YOUR LEGS"
time="2025-06-24T19:25:45+03:00" level=info msg="Scraping completed! Total posts meeting criteria (1000+ likes, past 5 days): 0"
time="2025-06-24T19:25:45+03:00" level=info msg="Data saved to PostgreSQL database. Use PgAdmin or connect directly to view results."
time="2025-06-24T19:25:45+03:00" level=info msg="Saving current cookies..."
time="2025-06-24T19:25:45+03:00" level=info msg="Saved 10 cookies to file"
time="2025-06-24T16:29:39Z" level=info msg="Connecting to database: host=postgres port=5432 dbname=facebook_scraper user=scraper_user"
time="2025-06-24T16:29:39Z" level=info msg="Database connection established"
time="2025-06-24T16:29:39Z" level=info msg="Running database migrations..."
time="2025-06-24T16:29:39Z" level=info msg="Migrations completed successfully"
time="2025-06-24T16:29:39Z" level=info msg="Initializing Facebook scraper..."
time="2025-06-24T16:29:39Z" level=info msg="Loading cookies from file..."
time="2025-06-24T16:29:39Z" level=info msg="Loaded 10 cookies for Facebook"
time="2025-06-24T16:29:39Z" level=info msg="Validating Facebook authentication..."
time="2025-06-24T16:29:40Z" level=info msg="Validation response: Status=200, URL=https://www.facebook.com/notifications"
time="2025-06-24T16:29:41Z" level=info msg="Authentication validated successfully"
time="2025-06-24T16:29:41Z" level=info msg="Facebook scraper initialized successfully"
time="2025-06-24T16:29:41Z" level=info msg="Scraper started successfully - filtering for posts with 1000+ likes in past 5 days"
time="2025-06-24T16:29:41Z" level=info msg="Scraping group: KENYA DESIGNERS & BUILDERS (517932335951479)"
time="2025-06-24T16:29:41Z" level=info msg="Starting to scrape group: 517932335951479"
time="2025-06-24T16:29:42Z" level=warning msg="Failed to get group name for 517932335951479: group name not found"
time="2025-06-24T16:29:42Z" level=info msg="Scraping URL: https://m.facebook.com/groups/517932335951479"
time="2025-06-24T16:29:46Z" level=info msg="Extracted 0 raw posts from group Group_517932335951479"
time="2025-06-24T16:29:52Z" level=info msg="Scraping URL: https://m.facebook.com/groups/517932335951479/posts"
time="2025-06-24T16:29:55Z" level=info msg="Extracted 0 raw posts from group Group_517932335951479"
time="2025-06-24T16:30:01Z" level=info msg="Scraping URL: https://www.facebook.com/groups/517932335951479"
time="2025-06-24T16:30:04Z" level=info msg="Extracted 0 raw posts from group Group_517932335951479"
time="2025-06-24T16:30:10Z" level=info msg="Found 0 total posts, applying filters..."
time="2025-06-24T16:30:10Z" level=info msg="Filter results: Total: 0, Filtered: 0, Likes: 0, Time: 0, Keywords: 0"
time="2025-06-24T16:30:10Z" level=info msg="Successfully saved 0 posts from group Group_517932335951479"
time="2025-06-24T16:30:10Z" level=info msg="Successfully scraped group: KENYA DESIGNERS & BUILDERS"
time="2025-06-24T16:30:16Z" level=info msg="Scraping group: LAUGH UNTIL THE TEAR RUN DOWN YOUR LEGS (768871325367226)"
time="2025-06-24T16:30:16Z" level=info msg="Starting to scrape group: 768871325367226"
time="2025-06-24T16:30:17Z" level=warning msg="Failed to get group name for 768871325367226: group name not found"
time="2025-06-24T16:30:17Z" level=info msg="Scraping URL: https://m.facebook.com/groups/768871325367226"
time="2025-06-24T16:30:20Z" level=info msg="Extracted 0 raw posts from group Group_768871325367226"
time="2025-06-24T16:30:26Z" level=info msg="Scraping URL: https://m.facebook.com/groups/768871325367226/posts"
time="2025-06-24T16:30:28Z" level=info msg="Extracted 0 raw posts from group Group_768871325367226"
time="2025-06-24T16:30:34Z" level=info msg="Scraping URL: https://www.facebook.com/groups/768871325367226"
time="2025-06-24T16:30:37Z" level=info msg="Extracted 0 raw posts from group Group_768871325367226"
time="2025-06-24T16:30:43Z" level=info msg="Found 0 total posts, applying filters..."
time="2025-06-24T16:30:43Z" level=info msg="Filter results: Total: 0, Filtered: 0, Likes: 0, Time: 0, Keywords: 0"
time="2025-06-24T16:30:43Z" level=info msg="Successfully saved 0 posts from group Group_768871325367226"
time="2025-06-24T16:30:43Z" level=info msg="Successfully scraped group: LAUGH UNTIL THE TEAR RUN DOWN YOUR LEGS"
time="2025-06-24T16:30:49Z" level=info msg="Scraping completed! Total posts meeting criteria (1000+ likes, past 5 days): 0"
time="2025-06-24T16:30:49Z" level=info msg="Data saved to PostgreSQL database. Use PgAdmin or connect directly to view results."
time="2025-06-24T16:30:49Z" level=info msg="Saving current cookies..."
time="2025-06-24T16:30:49Z" level=warning msg="Failed to save cookies: failed to write cookies file: open configs/cookies.json: read-only file system"
time="2025-06-24T16:36:20Z" level=info msg="Connecting to database: host=postgres port=5432 dbname=facebook_scraper user=scraper_user"
time="2025-06-24T16:36:20Z" level=info msg="Database connection established"
time="2025-06-24T16:36:20Z" level=info msg="Running database migrations..."
time="2025-06-24T16:36:20Z" level=info msg="Migrations completed successfully"
time="2025-06-24T16:36:20Z" level=info msg="Initializing Facebook scraper..."
time="2025-06-24T16:36:20Z" level=info msg="Loading cookies from file..."
time="2025-06-24T16:36:20Z" level=info msg="Loaded 10 cookies for Facebook"
time="2025-06-24T16:36:20Z" level=info msg="Validating Facebook authentication..."
time="2025-06-24T16:36:21Z" level=info msg="Validation response: Status=200, URL=https://www.facebook.com/notifications"
time="2025-06-24T16:36:22Z" level=debug msg="Response body length: 290097"
time="2025-06-24T16:36:22Z" level=debug msg="Response preview: '\x9d\x131#U\xed\x87GT\xd4~X\x11\xa9I?\x04Tgb\x8c\x1b\xfa\xe3ן\x7f\x7f\x11\x187\xf1\xb1\xce\xf3\xfd\xeb\xab~\xfdׯ`!@\f\x90\x0e\x0f\xbb\x98ɼ\xe7\"N\xbdS\xb7~\x19\xb4D˼\x91I-I\xa5l\x99\xfa\xb9\xfe\xbf\xff\xf7\xf3u\xca\r\t\xeft7\xa0rj\xe7n)JHJ\x10\x9a~\xc1\"\xa8\x84n`$\x89[\xef\xaf\xe6\x8a?]\xbb<\xfdд\xfd\xba\xf3\xcc\xeeV\x01FFL\xe9b1\x02\xa2\"b\xc2`\x96\xd8\xff\xefs\x92H@\xfc\xbadZR\v\xe3\x06\xb3\xc1}\xe9\xc1\xb8\x94\x8c\xff\xfd\xff\xef\xef\xf5\xb3\x9f\xe1\x00\xd6Y鈋\xc6~\uf170膡\xdbp\x8a'(\xa4/\x17Or\xe0\x19\n\xf9+..."
time="2025-06-24T16:36:22Z" level=info msg="Authentication validated successfully"
time="2025-06-24T16:36:22Z" level=info msg="Facebook scraper initialized successfully"
time="2025-06-24T16:36:22Z" level=info msg="Scraper started successfully - filtering for posts with 1000+ likes in past 5 days"
time="2025-06-24T16:36:22Z" level=info msg="Scraping group: KENYA DESIGNERS & BUILDERS (517932335951479)"
time="2025-06-24T16:36:22Z" level=info msg="Starting to scrape group: 517932335951479"
time="2025-06-24T16:36:25Z" level=warning msg="Failed to get group name for 517932335951479: group name not found"
time="2025-06-24T16:36:25Z" level=info msg="Scraping URL: https://m.facebook.com/groups/517932335951479"
time="2025-06-24T16:36:28Z" level=debug msg="Extracting posts from group: Group_517932335951479"
time="2025-06-24T16:36:28Z" level=info msg="Extracted 0 raw posts from group Group_517932335951479"
time="2025-06-24T16:36:34Z" level=info msg="Scraping URL: https://m.facebook.com/groups/517932335951479/posts"
time="2025-06-24T16:36:38Z" level=debug msg="Extracting posts from group: Group_517932335951479"
time="2025-06-24T16:36:38Z" level=info msg="Extracted 0 raw posts from group Group_517932335951479"
time="2025-06-24T16:36:44Z" level=info msg="Scraping URL: https://www.facebook.com/groups/517932335951479"
time="2025-06-24T16:36:48Z" level=debug msg="Extracting posts from group: Group_517932335951479"
time="2025-06-24T16:36:48Z" level=info msg="Extracted 0 raw posts from group Group_517932335951479"
time="2025-06-24T16:36:54Z" level=info msg="Found 0 total posts, applying filters..."
time="2025-06-24T16:36:54Z" level=info msg="Filter results: Total: 0, Filtered: 0, Likes: 0, Time: 0, Keywords: 0"
time="2025-06-24T16:36:54Z" level=info msg="Successfully saved 0 posts from group Group_517932335951479"
time="2025-06-24T16:36:54Z" level=info msg="Successfully scraped group: KENYA DESIGNERS & BUILDERS"
time="2025-06-24T16:37:00Z" level=info msg="Scraping group: LAUGH UNTIL THE TEAR RUN DOWN YOUR LEGS (768871325367226)"
time="2025-06-24T16:37:00Z" level=info msg="Starting to scrape group: 768871325367226"
time="2025-06-24T16:37:02Z" level=warning msg="Failed to get group name for 768871325367226: group name not found"
time="2025-06-24T16:37:02Z" level=info msg="Scraping URL: https://m.facebook.com/groups/768871325367226"
time="2025-06-24T16:37:05Z" level=debug msg="Extracting posts from group: Group_768871325367226"
time="2025-06-24T16:37:05Z" level=info msg="Extracted 0 raw posts from group Group_768871325367226"
time="2025-06-24T16:37:11Z" level=info msg="Scraping URL: https://m.facebook.com/groups/768871325367226/posts"
time="2025-06-24T16:37:13Z" level=debug msg="Extracting posts from group: Group_768871325367226"
time="2025-06-24T16:37:13Z" level=info msg="Extracted 0 raw posts from group Group_768871325367226"
time="2025-06-24T16:37:19Z" level=info msg="Scraping URL: https://www.facebook.com/groups/768871325367226"
time="2025-06-24T16:37:23Z" level=debug msg="Extracting posts from group: Group_768871325367226"
time="2025-06-24T16:37:23Z" level=info msg="Extracted 0 raw posts from group Group_768871325367226"
time="2025-06-24T16:37:29Z" level=info msg="Found 0 total posts, applying filters..."
time="2025-06-24T16:37:29Z" level=info msg="Filter results: Total: 0, Filtered: 0, Likes: 0, Time: 0, Keywords: 0"
time="2025-06-24T16:37:29Z" level=info msg="Successfully saved 0 posts from group Group_768871325367226"
time="2025-06-24T16:37:29Z" level=info msg="Successfully scraped group: LAUGH UNTIL THE TEAR RUN DOWN YOUR LEGS"
time="2025-06-24T16:37:35Z" level=info msg="Scraping completed! Total posts meeting criteria (1000+ likes, past 5 days): 0"
time="2025-06-24T16:37:35Z" level=info msg="Data saved to PostgreSQL database. Use PgAdmin or connect directly to view results."
time="2025-06-24T16:37:35Z" level=info msg="Saving current cookies..."
time="2025-06-24T16:37:35Z" level=warning msg="Failed to save cookies: failed to write cookies file: open configs/cookies.json: read-only file system"
time="2025-06-24T16:46:37Z" level=info msg="Connecting to database: host=postgres port=5432 dbname=facebook_scraper user=scraper_user"
time="2025-06-24T16:46:37Z" level=info msg="Database connection established"
time="2025-06-24T16:46:37Z" level=info msg="Running database migrations..."
time="2025-06-24T16:46:37Z" level=info msg="Migrations completed successfully"
time="2025-06-24T16:46:37Z" level=info msg="Initializing Facebook scraper..."
time="2025-06-24T16:46:37Z" level=info msg="Loading cookies from file..."
time="2025-06-24T16:46:37Z" level=info msg="Loaded 10 cookies for Facebook"
time="2025-06-24T16:46:37Z" level=info msg="Validating Facebook authentication..."
time="2025-06-24T16:46:38Z" level=info msg="Validation response: Status=200, URL=https://www.facebook.com/notifications"
time="2025-06-24T16:46:39Z" level=debug msg="Response body length: 289957"
time="2025-06-24T16:46:39Z" level=debug msg="Response preview: '\x9d\x131#U\xed\x87GT\xd4~X\x11\xa9I?\x04Tgb\x8c\x1b\xfa\xe3ן\x7f\x7f\x11\x187\xf1\xb1\xce\xf3\xfd\xeb\xab~\xfdׯ`!@\f\x90\x0e\x0f\xbb\x98ɼ\xe7\"N\xdb;\xb3\xad\x1b\xb4D˼\x91I-I\xa5l\x99\xfc\xb5\xfe\xbf\xff\xf7\xf3u\xcaY6\xbc\x9d\x04Psj\xfaN)ʲ\xa9\x80\x10\xf2\x16\x8bE\x05I\x80\x96M\x9cz\x7f5W\xfc\xe9\xda\xe5釦\xedםgv\xb7\n02bJ\x17\x8b\x11\x10\x15\x11\x13\x06\xb3\xc4\xfe\x7f\x9f\x93D\x02\xe2\xd7%ӒZ\x187\x98\r\xeeK\x0fƥd\xfc\xef\xff\x7f\x7f\xaf\x9f\xfd\f\a\xb0\xceJG\\4\xf6{/\x84E7\f݆S<A!}\xb9x\x92\x03\xcfP\xc8_..."
time="2025-06-24T16:46:39Z" level=info msg="Authentication validated successfully"
time="2025-06-24T16:46:39Z" level=info msg="Facebook scraper initialized successfully"
time="2025-06-24T16:46:39Z" level=info msg="Scraper started successfully - filtering for posts with 1000+ likes in past 5 days"
time="2025-06-24T16:46:39Z" level=info msg="Scraping group: KENYA DESIGNERS & BUILDERS (517932335951479)"
time="2025-06-24T16:46:39Z" level=info msg="Starting to scrape group: 517932335951479"
time="2025-06-24T16:46:41Z" level=warning msg="Failed to get group name for 517932335951479: group name not found"
time="2025-06-24T16:46:41Z" level=info msg="Scraping URL: https://m.facebook.com/groups/517932335951479"
time="2025-06-24T16:47:41Z" level=info msg="Connecting to database: host=postgres port=5432 dbname=facebook_scraper user=scraper_user"
time="2025-06-24T16:47:41Z" level=info msg="Database connection established"
time="2025-06-24T16:47:41Z" level=info msg="Running database migrations..."
time="2025-06-24T16:47:41Z" level=info msg="Migrations completed successfully"
time="2025-06-24T16:47:41Z" level=info msg="Initializing Facebook scraper..."
time="2025-06-24T16:47:41Z" level=info msg="Loading cookies from file..."
time="2025-06-24T16:47:41Z" level=info msg="Loaded 10 cookies for Facebook"
time="2025-06-24T16:47:41Z" level=info msg="Validating Facebook authentication..."
time="2025-06-24T16:47:42Z" level=info msg="Validation response: Status=200, URL=https://www.facebook.com/notifications"
time="2025-06-24T16:47:43Z" level=debug msg="Response body length: 289560"
time="2025-06-24T16:47:43Z" level=debug msg="Response preview: '\x9d\x131#U\xed\x87GT\xd4~X\x11\xa9I?\x04Tgb\x8c\x1b\xfa\xe3ן\x7f\x7f\x11\x187\xf1\xb1\xce\xf3\xfd\xb77\xfd\xfa\xaf_\x95U\xa9\x8a\xab\xc0ᰋt\xfa=/\xa2\xd7\xdb\xdb\xf2\xe5\xc2\x12\xb6\xb9\x91A\r\xc8Izf&\x7f\xad\xff\xef\xff\xfd|\x9dr\x96\ro'\x01TNM\xdf)EY6\x15\x10B\xdeb\x01QA\x12\xa0e\x13\xa7\xde_\xcd\x15\x7f\xbavy\xfa\xa1i\xfbu\xe7\x99ݭ\x02\x8c\x8c\x98\xd2\xc5b\x04DEĄ\xc1,\xb1\xff\xdf\xe7$\x91\x80\xf8uɴ\xa4\x16\xc6\rf\x83\xfb҃q)\x19\xff\xfb\xff\xdf\xdf\xebg?\xc3\x01\xac\xb3\xd2\x11\x17\x8d\xfd\xde\va\xd1\rC\xb7\xe1\x14OPH_.\x9e\xe4\xc03\x14\xf2..."
time="2025-06-24T16:47:43Z" level=info msg="Authentication validated successfully"
time="2025-06-24T16:47:43Z" level=info msg="Facebook scraper initialized successfully"
time="2025-06-24T16:47:43Z" level=info msg="Scraper started successfully - filtering for posts with 1000+ likes in past 5 days"
time="2025-06-24T16:47:43Z" level=info msg="Scraping group: KENYA DESIGNERS & BUILDERS (517932335951479)"
time="2025-06-24T16:47:43Z" level=info msg="Starting to scrape group: 517932335951479"
time="2025-06-24T16:47:44Z" level=warning msg="Failed to get group name for 517932335951479: group name not found"
time="2025-06-24T16:47:44Z" level=info msg="Scraping URL: https://m.facebook.com/groups/517932335951479"
time="2025-06-24T16:47:47Z" level=debug msg="Extracting posts from group: Group_517932335951479"
time="2025-06-24T16:47:47Z" level=info msg="Extracted 0 raw posts from group Group_517932335951479"
time="2025-06-24T16:47:53Z" level=info msg="Scraping URL: https://m.facebook.com/groups/517932335951479/posts"
time="2025-06-24T16:47:56Z" level=debug msg="Extracting posts from group: Group_517932335951479"
time="2025-06-24T16:47:56Z" level=info msg="Extracted 0 raw posts from group Group_517932335951479"
time="2025-06-24T16:48:02Z" level=info msg="Scraping URL: https://www.facebook.com/groups/517932335951479"
time="2025-06-24T16:48:04Z" level=debug msg="Extracting posts from group: Group_517932335951479"
time="2025-06-24T16:48:04Z" level=info msg="Extracted 0 raw posts from group Group_517932335951479"
time="2025-06-24T16:48:10Z" level=info msg="Found 0 total posts, applying filters..."
time="2025-06-24T16:48:10Z" level=info msg="Filter results: Total: 0, Filtered: 0, Likes: 0, Time: 0, Keywords: 0"
time="2025-06-24T16:48:10Z" level=info msg="Successfully saved 0 posts from group Group_517932335951479"
time="2025-06-24T16:48:10Z" level=info msg="Successfully scraped group: KENYA DESIGNERS & BUILDERS"
time="2025-06-24T16:48:16Z" level=info msg="Scraping group: LAUGH UNTIL THE TEAR RUN DOWN YOUR LEGS (768871325367226)"
time="2025-06-24T16:48:16Z" level=info msg="Starting to scrape group: 768871325367226"
time="2025-06-24T16:48:18Z" level=warning msg="Failed to get group name for 768871325367226: group name not found"
time="2025-06-24T16:48:18Z" level=info msg="Scraping URL: https://m.facebook.com/groups/768871325367226"
time="2025-06-24T16:48:21Z" level=debug msg="Extracting posts from group: Group_768871325367226"
time="2025-06-24T16:48:21Z" level=info msg="Extracted 0 raw posts from group Group_768871325367226"
time="2025-06-24T16:48:27Z" level=info msg="Scraping URL: https://m.facebook.com/groups/768871325367226/posts"
time="2025-06-24T16:48:29Z" level=debug msg="Extracting posts from group: Group_768871325367226"
time="2025-06-24T16:48:29Z" level=info msg="Extracted 0 raw posts from group Group_768871325367226"
time="2025-06-24T16:48:35Z" level=info msg="Scraping URL: https://www.facebook.com/groups/768871325367226"
time="2025-06-24T16:48:38Z" level=debug msg="Extracting posts from group: Group_768871325367226"
time="2025-06-24T16:48:38Z" level=info msg="Extracted 0 raw posts from group Group_768871325367226"
time="2025-06-24T16:48:44Z" level=info msg="Found 0 total posts, applying filters..."
time="2025-06-24T16:48:44Z" level=info msg="Filter results: Total: 0, Filtered: 0, Likes: 0, Time: 0, Keywords: 0"
time="2025-06-24T16:48:44Z" level=info msg="Successfully saved 0 posts from group Group_768871325367226"
time="2025-06-24T16:48:44Z" level=info msg="Successfully scraped group: LAUGH UNTIL THE TEAR RUN DOWN YOUR LEGS"
time="2025-06-24T16:48:50Z" level=info msg="Scraping completed! Total posts meeting criteria (1000+ likes, past 5 days): 0"
time="2025-06-24T16:48:50Z" level=info msg="Data saved to PostgreSQL database. Use PgAdmin or connect directly to view results."
time="2025-06-24T16:48:50Z" level=info msg="Saving current cookies..."
time="2025-06-24T16:48:50Z" level=warning msg="Failed to save cookies: failed to write cookies file: open configs/cookies.json: read-only file system"
time="2025-06-25T07:21:28Z" level=info msg="Connecting to database: host=postgres port=5432 dbname=facebook_scraper user=scraper_user"
time="2025-06-25T07:21:29Z" level=info msg="Database connection established"
time="2025-06-25T07:21:29Z" level=info msg="Running database migrations..."
time="2025-06-25T07:21:29Z" level=info msg="Migrations completed successfully"
time="2025-06-25T07:21:29Z" level=info msg="Initializing Facebook scraper..."
time="2025-06-25T07:21:29Z" level=info msg="Loading cookies from file..."
time="2025-06-25T07:21:29Z" level=info msg="Loaded 10 cookies for Facebook"
time="2025-06-25T07:21:29Z" level=info msg="Validating Facebook authentication..."
time="2025-06-25T07:21:29Z" level=info msg="Validation response: Status=200, URL=https://www.facebook.com/notifications"
time="2025-06-25T07:21:31Z" level=debug msg="Response body length: 290171"
time="2025-06-25T07:21:31Z" level=debug msg="Response preview: '\x14\x141#U\xed\x87GT\xd4~X\x11\xa9I?\x04Tgb\x8c\x1b\xfa\xe3ן\x7f\x7f\x11\x187\xf1\xb1\xce\xf3\xfd\xbb7\xfd\xfe\xeb\u05caU\xa9\x91 尛N\xe7\xbd,f\x96e\x89\x88M\x12\xa6\x0e\xf8\x02\xee\xf2\x96\xc9\xd6\xfe\xff\xdb\xff\xcd\xea\x96=\xac\xf0\x1d\x12D\xe5V\xdfߥ(ä\x02B\xc8\x1f, *C\x02(\xcc]\xfdgs\xff\xfcj\x9bq\xf5K\x889I\xbf\xf7\xbd7\x03\x88\xbdm\x1c\x94bAĆ\xc5,\xb1\xff\xdf\xe7$\x91\x80\xf8uɴ\xa4\x16\xc6\rf\x83\xfb҃q)\x19\xff\xfb\xff\xdf_Z\xe5\x03K\x18oJ\x1c$vU-a\x90\r\x91g)\xbb\xf0\x82\x12\x04R\xcbAI^(C \xb7:\x90-\a\xb2{...."
time="2025-06-25T07:21:31Z" level=info msg="Authentication validated successfully"
time="2025-06-25T07:21:31Z" level=info msg="Facebook scraper initialized successfully"
time="2025-06-25T07:21:31Z" level=info msg="Scraper started successfully - filtering for posts with 1000+ likes in past 5 days"
time="2025-06-25T07:21:31Z" level=info msg="Scraping group: KENYA DESIGNERS & BUILDERS (517932335951479)"
time="2025-06-25T07:21:31Z" level=info msg="Starting to scrape group: 517932335951479"
time="2025-06-25T07:21:33Z" level=warning msg="Failed to get group name for 517932335951479: group name not found"
time="2025-06-25T07:21:33Z" level=info msg="Scraping URL: https://m.facebook.com/groups/517932335951479"
time="2025-06-25T07:21:39Z" level=debug msg="Extracting posts from group: Group_517932335951479"
time="2025-06-25T07:21:39Z" level=info msg="Extracted 0 raw posts from group Group_517932335951479"
time="2025-06-25T07:21:45Z" level=info msg="Scraping URL: https://m.facebook.com/groups/517932335951479/posts"
time="2025-06-25T07:21:49Z" level=debug msg="Extracting posts from group: Group_517932335951479"
time="2025-06-25T07:21:49Z" level=info msg="Extracted 0 raw posts from group Group_517932335951479"
time="2025-06-25T07:21:55Z" level=info msg="Scraping URL: https://www.facebook.com/groups/517932335951479"
time="2025-06-25T07:21:59Z" level=debug msg="Extracting posts from group: Group_517932335951479"
time="2025-06-25T07:21:59Z" level=info msg="Extracted 0 raw posts from group Group_517932335951479"
time="2025-06-25T07:22:05Z" level=info msg="Found 0 total posts, applying filters..."
time="2025-06-25T07:22:05Z" level=info msg="Filter results: Total: 0, Filtered: 0, Likes: 0, Time: 0, Keywords: 0"
time="2025-06-25T07:22:05Z" level=info msg="Successfully saved 0 posts from group Group_517932335951479"
time="2025-06-25T07:22:05Z" level=info msg="Successfully scraped group: KENYA DESIGNERS & BUILDERS"
time="2025-06-25T07:22:11Z" level=info msg="Scraping group: LAUGH UNTIL THE TEAR RUN DOWN YOUR LEGS (768871325367226)"
time="2025-06-25T07:22:11Z" level=info msg="Starting to scrape group: 768871325367226"
time="2025-06-25T07:22:12Z" level=warning msg="Failed to get group name for 768871325367226: group name not found"
time="2025-06-25T07:22:12Z" level=info msg="Scraping URL: https://m.facebook.com/groups/768871325367226"
time="2025-06-25T07:22:16Z" level=debug msg="Extracting posts from group: Group_768871325367226"
time="2025-06-25T07:22:16Z" level=info msg="Extracted 0 raw posts from group Group_768871325367226"
time="2025-06-25T07:22:22Z" level=info msg="Scraping URL: https://m.facebook.com/groups/768871325367226/posts"
time="2025-06-25T07:22:24Z" level=debug msg="Extracting posts from group: Group_768871325367226"
time="2025-06-25T07:22:24Z" level=info msg="Extracted 0 raw posts from group Group_768871325367226"
time="2025-06-25T07:22:30Z" level=info msg="Scraping URL: https://www.facebook.com/groups/768871325367226"
time="2025-06-25T07:22:33Z" level=debug msg="Extracting posts from group: Group_768871325367226"
time="2025-06-25T07:22:33Z" level=info msg="Extracted 0 raw posts from group Group_768871325367226"
time="2025-06-25T07:22:39Z" level=info msg="Found 0 total posts, applying filters..."
time="2025-06-25T07:22:39Z" level=info msg="Filter results: Total: 0, Filtered: 0, Likes: 0, Time: 0, Keywords: 0"
time="2025-06-25T07:22:39Z" level=info msg="Successfully saved 0 posts from group Group_768871325367226"
time="2025-06-25T07:22:39Z" level=info msg="Successfully scraped group: LAUGH UNTIL THE TEAR RUN DOWN YOUR LEGS"
time="2025-06-25T07:22:45Z" level=info msg="Scraping completed! Total posts meeting criteria (1000+ likes, past 5 days): 0"
time="2025-06-25T07:22:45Z" level=info msg="Data saved to PostgreSQL database. Use PgAdmin or connect directly to view results."
time="2025-06-25T07:22:45Z" level=info msg="Saving current cookies..."
time="2025-06-25T07:22:45Z" level=warning msg="Failed to save cookies: failed to write cookies file: open configs/cookies.json: read-only file system"
